# JRE version: Java(TM) SE Runtime Environment (17.0.12+8) (build 17.0.12+8-LTS-286)
# Java VM: Java HotSpot(TM) 64-Bit Server VM (17.0.12+8-LTS-286, mixed mode, sharing, tiered, compressed oops, compressed class ptrs, g1 gc, windows-amd64)
GC Precious Log:
 CPUs: 8 total, 8 available
 Memory: 5877M
 Large Page Support: Disabled
 NUMA Support: Disabled
 Compressed Oops: Enabled (32-bit)
 Heap Region Size: 1M
 Heap Min Capacity: 8M
 Heap Initial Capacity: 92M
 Heap Max Capacity: 1470M
 Pre-touch: Disabled
 Parallel Workers: 8
 Concurrent Workers: 2
 Concurrent Refinement Workers: 8
 Periodic GC: Disabled
Heap:
 garbage-first heap   total 229376K, used 165129K [0x00000000a4200000, 0x0000000100000000)
  region size 1024K, 104 young (106496K), 3 survivors (3072K)
 Metaspace       used 64042K, committed 64576K, reserved 1114112K
  class space    used 8611K, committed 8896K, reserved 1048576K
GC Heap History (20 events):
Event: 5442.985 GC heap before
{Heap before GC invocations=50 (full 0):
 garbage-first heap   total 252928K, used 93437K [0x00000000a4200000, 0x0000000100000000)
  region size 1024K, 26 young (26624K), 1 survivors (1024K)
 Metaspace       used 63137K, committed 63744K, reserved 1114112K
  class space    used 8596K, committed 8896K, reserved 1048576K
}
Event: 5443.106 GC heap after
{Heap after GC invocations=51 (full 0):
 garbage-first heap   total 252928K, used 68828K [0x00000000a4200000, 0x0000000100000000)
  region size 1024K, 1 young (1024K), 1 survivors (1024K)
 Metaspace       used 63137K, committed 63744K, reserved 1114112K
  class space    used 8596K, committed 8896K, reserved 1048576K
}
Event: 5544.086 GC heap before
{Heap before GC invocations=52 (full 0):
 garbage-first heap   total 229376K, used 85212K [0x00000000a4200000, 0x0000000100000000)
  region size 1024K, 19 young (19456K), 1 survivors (1024K)
 Metaspace       used 63322K, committed 63872K, reserved 1114112K
  class space    used 8599K, committed 8896K, reserved 1048576K
}
Event: 5544.113 GC heap after
{Heap after GC invocations=53 (full 0):
 garbage-first heap   total 229376K, used 69959K [0x00000000a4200000, 0x0000000100000000)
  region size 1024K, 3 young (3072K), 3 survivors (3072K)
 Metaspace       used 63322K, committed 63872K, reserved 1114112K
  class space    used 8599K, committed 8896K, reserved 1048576K
}
Event: 5545.557 GC heap before
{Heap before GC invocations=53 (full 0):
 garbage-first heap   total 229376K, used 79175K [0x00000000a4200000, 0x0000000100000000)
  region size 1024K, 11 young (11264K), 3 survivors (3072K)
 Metaspace       used 63352K, committed 63936K, reserved 1114112K
  class space    used 8600K, committed 8896K, reserved 1048576K
}
Event: 5545.600 GC heap after
{Heap after GC invocations=54 (full 0):
 garbage-first heap   total 229376K, used 66597K [0x00000000a4200000, 0x0000000100000000)
  region size 1024K, 2 young (2048K), 2 survivors (2048K)
 Metaspace       used 63352K, committed 63936K, reserved 1114112K
  class space    used 8600K, committed 8896K, reserved 1048576K
}
Event: 5547.834 GC heap before
{Heap before GC invocations=54 (full 0):
 garbage-first heap   total 229376K, used 90149K [0x00000000a4200000, 0x0000000100000000)
  region size 1024K, 25 young (25600K), 2 survivors (2048K)
 Metaspace       used 63420K, committed 63936K, reserved 1114112K
  class space    used 8603K, committed 8896K, reserved 1048576K
}
Event: 5547.852 GC heap after
{Heap after GC invocations=55 (full 0):
 garbage-first heap   total 229376K, used 71126K [0x00000000a4200000, 0x0000000100000000)
  region size 1024K, 4 young (4096K), 4 survivors (4096K)
 Metaspace       used 63420K, committed 63936K, reserved 1114112K
  class space    used 8603K, committed 8896K, reserved 1048576K
}
Event: 5548.233 GC heap before
{Heap before GC invocations=56 (full 0):
 garbage-first heap   total 229376K, used 78294K [0x00000000a4200000, 0x0000000100000000)
  region size 1024K, 12 young (12288K), 4 survivors (4096K)
 Metaspace       used 63440K, committed 64000K, reserved 1114112K
  class space    used 8604K, committed 8896K, reserved 1048576K
}
Event: 5548.241 GC heap after
{Heap after GC invocations=57 (full 0):
 garbage-first heap   total 229376K, used 71746K [0x00000000a4200000, 0x0000000100000000)
  region size 1024K, 1 young (1024K), 1 survivors (1024K)
 Metaspace       used 63440K, committed 64000K, reserved 1114112K
  class space    used 8604K, committed 8896K, reserved 1048576K
}
Event: 5553.027 GC heap before
{Heap before GC invocations=57 (full 0):
 garbage-first heap   total 229376K, used 81986K [0x00000000a4200000, 0x0000000100000000)
  region size 1024K, 11 young (11264K), 1 survivors (1024K)
 Metaspace       used 63440K, committed 64000K, reserved 1114112K
  class space    used 8604K, committed 8896K, reserved 1048576K
}
Event: 5553.088 GC heap after
{Heap after GC invocations=58 (full 0):
 garbage-first heap   total 229376K, used 70453K [0x00000000a4200000, 0x0000000100000000)
  region size 1024K, 1 young (1024K), 1 survivors (1024K)
 Metaspace       used 63440K, committed 64000K, reserved 1114112K
  class space    used 8604K, committed 8896K, reserved 1048576K
}
Event: 5825.990 GC heap before
{Heap before GC invocations=58 (full 0):
 garbage-first heap   total 229376K, used 112437K [0x00000000a4200000, 0x0000000100000000)
  region size 1024K, 43 young (44032K), 1 survivors (1024K)
 Metaspace       used 63556K, committed 64128K, reserved 1114112K
  class space    used 8607K, committed 8896K, reserved 1048576K
}
Event: 5826.034 GC heap after
{Heap after GC invocations=59 (full 0):
 garbage-first heap   total 229376K, used 71952K [0x00000000a4200000, 0x0000000100000000)
  region size 1024K, 3 young (3072K), 3 survivors (3072K)
 Metaspace       used 63556K, committed 64128K, reserved 1114112K
  class space    used 8607K, committed 8896K, reserved 1048576K
}
Event: 5842.064 GC heap before
{Heap before GC invocations=60 (full 0):
 garbage-first heap   total 229376K, used 137488K [0x00000000a4200000, 0x0000000100000000)
  region size 1024K, 68 young (69632K), 3 survivors (3072K)
 Metaspace       used 63647K, committed 64192K, reserved 1114112K
  class space    used 8607K, committed 8896K, reserved 1048576K
}
Event: 5842.067 GC heap after
{Heap after GC invocations=61 (full 0):
 garbage-first heap   total 229376K, used 71804K [0x00000000a4200000, 0x0000000100000000)
  region size 1024K, 3 young (3072K), 3 survivors (3072K)
 Metaspace       used 63647K, committed 64192K, reserved 1114112K
  class space    used 8607K, committed 8896K, reserved 1048576K
}
Event: 6148.963 GC heap before
{Heap before GC invocations=61 (full 0):
 garbage-first heap   total 229376K, used 78972K [0x00000000a4200000, 0x0000000100000000)
  region size 1024K, 11 young (11264K), 3 survivors (3072K)
 Metaspace       used 63649K, committed 64192K, reserved 1114112K
  class space    used 8607K, committed 8896K, reserved 1048576K
}
Event: 6149.043 GC heap after
{Heap after GC invocations=62 (full 0):
 garbage-first heap   total 229376K, used 59613K [0x00000000a4200000, 0x0000000100000000)
  region size 1024K, 1 young (1024K), 1 survivors (1024K)
 Metaspace       used 63649K, committed 64192K, reserved 1114112K
  class space    used 8607K, committed 8896K, reserved 1048576K
}
Event: 11656.891 GC heap before
{Heap before GC invocations=62 (full 0):
 garbage-first heap   total 229376K, used 177373K [0x00000000a4200000, 0x0000000100000000)
  region size 1024K, 117 young (119808K), 1 survivors (1024K)
 Metaspace       used 63856K, committed 64448K, reserved 1114112K
  class space    used 8629K, committed 8896K, reserved 1048576K
}
Event: 11657.014 GC heap after
{Heap after GC invocations=63 (full 0):
 garbage-first heap   total 229376K, used 61705K [0x00000000a4200000, 0x0000000100000000)
  region size 1024K, 3 young (3072K), 3 survivors (3072K)
 Metaspace       used 63856K, committed 64448K, reserved 1114112K
  class space    used 8629K, committed 8896K, reserved 1048576K
}

