# JRE version: Java(TM) SE Runtime Environment (17.0.12+8) (build 17.0.12+8-LTS-286)
# Java VM: Java HotSpot(TM) 64-Bit Server VM (17.0.12+8-LTS-286, mixed mode, sharing, tiered, compressed oops, compressed class ptrs, g1 gc, windows-amd64)
GC Precious Log:
 CPUs: 8 total, 8 available
 Memory: 6901M
 Large Page Support: Disabled
 NUMA Support: Disabled
 Compressed Oops: Enabled (32-bit)
 Heap Region Size: 1M
 Heap Min Capacity: 256M
 Heap Initial Capacity: 256M
 Heap Max Capacity: 512M
 Pre-touch: Disabled
 Parallel Workers: 8
 Concurrent Workers: 2
 Concurrent Refinement Workers: 8
 Periodic GC: Disabled
Heap:
 garbage-first heap   total 262144K, used 176636K [0x00000000e0000000, 0x0000000100000000)
  region size 1024K, 107 young (109568K), 6 survivors (6144K)
 Metaspace       used 59348K, committed 60160K, reserved 393216K
  class space    used 8477K, committed 8896K, reserved 327680K
GC Heap History (20 events):
Event: 4.780 GC heap before
{Heap before GC invocations=3 (full 0):
 garbage-first heap   total 262144K, used 40814K [0x00000000e0000000, 0x0000000100000000)
  region size 1024K, 30 young (30720K), 11 survivors (11264K)
 Metaspace       used 21195K, committed 21504K, reserved 393216K
  class space    used 3096K, committed 3200K, reserved 327680K
}
Event: 4.786 GC heap after
{Heap after GC invocations=4 (full 0):
 garbage-first heap   total 262144K, used 24023K [0x00000000e0000000, 0x0000000100000000)
  region size 1024K, 11 young (11264K), 11 survivors (11264K)
 Metaspace       used 21195K, committed 21504K, reserved 393216K
  class space    used 3096K, committed 3200K, reserved 327680K
}
Event: 6.853 GC heap before
{Heap before GC invocations=5 (full 0):
 garbage-first heap   total 262144K, used 143831K [0x00000000e0000000, 0x0000000100000000)
  region size 1024K, 125 young (128000K), 11 survivors (11264K)
 Metaspace       used 35619K, committed 35968K, reserved 393216K
  class space    used 4965K, committed 5184K, reserved 327680K
}
Event: 6.865 GC heap after
{Heap after GC invocations=6 (full 0):
 garbage-first heap   total 262144K, used 32687K [0x00000000e0000000, 0x0000000100000000)
  region size 1024K, 20 young (20480K), 20 survivors (20480K)
 Metaspace       used 35619K, committed 35968K, reserved 393216K
  class space    used 4965K, committed 5184K, reserved 327680K
}
Event: 6.888 GC heap before
{Heap before GC invocations=6 (full 0):
 garbage-first heap   total 262144K, used 33711K [0x00000000e0000000, 0x0000000100000000)
  region size 1024K, 21 young (21504K), 20 survivors (20480K)
 Metaspace       used 35714K, committed 36096K, reserved 393216K
  class space    used 4981K, committed 5184K, reserved 327680K
}
Event: 6.900 GC heap after
{Heap after GC invocations=7 (full 0):
 garbage-first heap   total 262144K, used 32924K [0x00000000e0000000, 0x0000000100000000)
  region size 1024K, 2 young (2048K), 2 survivors (2048K)
 Metaspace       used 35714K, committed 36096K, reserved 393216K
  class space    used 4981K, committed 5184K, reserved 327680K
}
Event: 6.949 GC heap before
{Heap before GC invocations=7 (full 0):
 garbage-first heap   total 262144K, used 34972K [0x00000000e0000000, 0x0000000100000000)
  region size 1024K, 5 young (5120K), 2 survivors (2048K)
 Metaspace       used 35921K, committed 36288K, reserved 393216K
  class space    used 5010K, committed 5184K, reserved 327680K
}
Event: 6.950 GC heap after
{Heap after GC invocations=8 (full 0):
 garbage-first heap   total 262144K, used 31613K [0x00000000e0000000, 0x0000000100000000)
  region size 1024K, 1 young (1024K), 1 survivors (1024K)
 Metaspace       used 35921K, committed 36288K, reserved 393216K
  class space    used 5010K, committed 5184K, reserved 327680K
}
Event: 10.512 GC heap before
{Heap before GC invocations=9 (full 0):
 garbage-first heap   total 262144K, used 188285K [0x00000000e0000000, 0x0000000100000000)
  region size 1024K, 153 young (156672K), 1 survivors (1024K)
 Metaspace       used 48155K, committed 48704K, reserved 393216K
  class space    used 6916K, committed 7168K, reserved 327680K
}
Event: 10.524 GC heap after
{Heap after GC invocations=10 (full 0):
 garbage-first heap   total 262144K, used 40118K [0x00000000e0000000, 0x0000000100000000)
  region size 1024K, 10 young (10240K), 10 survivors (10240K)
 Metaspace       used 48155K, committed 48704K, reserved 393216K
  class space    used 6916K, committed 7168K, reserved 327680K
}
Event: 13.444 GC heap before
{Heap before GC invocations=10 (full 0):
 garbage-first heap   total 262144K, used 186550K [0x00000000e0000000, 0x0000000100000000)
  region size 1024K, 153 young (156672K), 10 survivors (10240K)
 Metaspace       used 53798K, committed 54464K, reserved 393216K
  class space    used 7825K, committed 8128K, reserved 327680K
}
Event: 13.463 GC heap after
{Heap after GC invocations=11 (full 0):
 garbage-first heap   total 262144K, used 56410K [0x00000000e0000000, 0x0000000100000000)
  region size 1024K, 20 young (20480K), 20 survivors (20480K)
 Metaspace       used 53798K, committed 54464K, reserved 393216K
  class space    used 7825K, committed 8128K, reserved 327680K
}
Event: 51.074 GC heap before
{Heap before GC invocations=11 (full 0):
 garbage-first heap   total 262144K, used 191578K [0x00000000e0000000, 0x0000000100000000)
  region size 1024K, 153 young (156672K), 20 survivors (20480K)
 Metaspace       used 57055K, committed 57664K, reserved 393216K
  class space    used 8231K, committed 8512K, reserved 327680K
}
Event: 51.097 GC heap after
{Heap after GC invocations=12 (full 0):
 garbage-first heap   total 262144K, used 63906K [0x00000000e0000000, 0x0000000100000000)
  region size 1024K, 8 young (8192K), 8 survivors (8192K)
 Metaspace       used 57055K, committed 57664K, reserved 393216K
  class space    used 8231K, committed 8512K, reserved 327680K
}
Event: 91.732 GC heap before
{Heap before GC invocations=12 (full 0):
 garbage-first heap   total 262144K, used 204194K [0x00000000e0000000, 0x0000000100000000)
  region size 1024K, 144 young (147456K), 8 survivors (8192K)
 Metaspace       used 57328K, committed 57984K, reserved 393216K
  class space    used 8264K, committed 8576K, reserved 327680K
}
Event: 91.745 GC heap after
{Heap after GC invocations=13 (full 0):
 garbage-first heap   total 262144K, used 68232K [0x00000000e0000000, 0x0000000100000000)
  region size 1024K, 12 young (12288K), 12 survivors (12288K)
 Metaspace       used 57328K, committed 57984K, reserved 393216K
  class space    used 8264K, committed 8576K, reserved 327680K
}
Event: 1989.415 GC heap before
{Heap before GC invocations=13 (full 0):
 garbage-first heap   total 262144K, used 208520K [0x00000000e0000000, 0x0000000100000000)
  region size 1024K, 147 young (150528K), 12 survivors (12288K)
 Metaspace       used 59168K, committed 60032K, reserved 393216K
  class space    used 8470K, committed 8896K, reserved 327680K
}
Event: 1989.502 GC heap after
{Heap after GC invocations=14 (full 0):
 garbage-first heap   total 262144K, used 73173K [0x00000000e0000000, 0x0000000100000000)
  region size 1024K, 11 young (11264K), 11 survivors (11264K)
 Metaspace       used 59168K, committed 60032K, reserved 393216K
  class space    used 8470K, committed 8896K, reserved 327680K
}
Event: 2046.492 GC heap before
{Heap before GC invocations=14 (full 0):
 garbage-first heap   total 262144K, used 207317K [0x00000000e0000000, 0x0000000100000000)
  region size 1024K, 143 young (146432K), 11 survivors (11264K)
 Metaspace       used 59305K, committed 60160K, reserved 393216K
  class space    used 8475K, committed 8896K, reserved 327680K
}
Event: 2046.577 GC heap after
{Heap after GC invocations=15 (full 0):
 garbage-first heap   total 262144K, used 73212K [0x00000000e0000000, 0x0000000100000000)
  region size 1024K, 6 young (6144K), 6 survivors (6144K)
 Metaspace       used 59305K, committed 60160K, reserved 393216K
  class space    used 8475K, committed 8896K, reserved 327680K
}

